Title: 571732 – kde-frameworks/kitemmodels-5.18.0 fails tests
URL: https://bugs.gentoo.org/show_bug.cgi?id=571732

Go to: 
		Gentoo Home
Documentation
Forums
Lists
Bugs
Planet
Store
Wiki
Get Gentoo!





Gentoo's Bugzilla – Bug 571732
kde-frameworks/kitemmodels-5.18.0 fails tests
Last modified: 2016-04-16 16:42:15 UTC node [vulture]


Home
| New–[Ex]
| Browse
| Search
| Privacy Policy

| 





[?]
| Reports

| 
Requests

| 
Help


| 
New Account


| 
Log In





[x]



| 
Forgot Password

Login:




[x]













Bug 571732 
      - kde-frameworks/kitemmodels-5.18.0 fails tests


Summary:
kde-frameworks/kitemmodels-5.18.0 fails tests
    








Status:
    

RESOLVED
          WORKSFORME
      






Alias:


        None
    





Product:

Gentoo Linux




Classification:

Unclassified




Component:

[OLD] KDE

  (show other bugs)



Hardware:

All
        Linux
      







Importance:
      
Normal
       normal
      


Assignee:

Gentoo KDE team








URL:







Whiteboard:




Keywords:








Depends on:







Blocks:









 





      Reported:
    
2016-01-13 11:36 UTC by Paolo Pedroni





      Modified:
    
2016-04-16 16:42 UTC
      (History)
    




          CC List:
        

0 
          users
        








See Also:






Package list:







Runtime testing required:

---























      Attachments
    




kitemmodels-5.18.0:20160113-112627.log.gz

              (kitemmodels-5.18.0:20160113-112627.log.gz,14.71 KB,
                application/gzip)

            
2016-01-13 11:36 UTC,

            Paolo Pedroni




Details





View All

Add an attachment
        (proposed patch, testcase, etc.)
    








Note
              You need to
              log in
              before you can comment on or make changes to this bug.
            

















Description


Paolo Pedroni





          2016-01-13 11:36:32 UTC
        

Created attachment 422762 [details]
kitemmodels-5.18.0:20160113-112627.log.gz

>>> Test phase: kde-frameworks/kitemmodels-5.18.0
 * Scanning for an open DISPLAY to start Xvfb ...
 * Starting Xvfb on $DISPLAY=1 ...
>>> Working in BUILD_DIR: "/var/tmp/portage/kde-frameworks/kitemmodels-5.18.0/work/kitemmodels-5.18.0_build"
Test project /var/tmp/portage/kde-frameworks/kitemmodels-5.18.0/work/kitemmodels-5.18.0_build
    Start 1: kconcatenaterowsproxymodeltest
1/9 Test #1: kconcatenaterowsproxymodeltest .....   Passed    0.07 sec
    Start 2: kdescendantsproxymodel_smoketest
2/9 Test #2: kdescendantsproxymodel_smoketest ...***Exception: Other  0.01 sec
    Start 3: kextracolumnsproxymodeltest
3/9 Test #3: kextracolumnsproxymodeltest ........***Exception: Other  0.01 sec
    Start 4: klinkitemselectionmodeltest
4/9 Test #4: klinkitemselectionmodeltest ........***Exception: Other  0.01 sec
    Start 5: testmodelqueuedconnections
5/9 Test #5: testmodelqueuedconnections .........***Exception: Other  0.01 sec
    Start 6: kselectionproxymodeltest
6/9 Test #6: kselectionproxymodeltest ...........***Exception: Other  0.01 sec
    Start 7: krecursivefilterproxymodeltest
7/9 Test #7: krecursivefilterproxymodeltest .....***Exception: Other  0.01 sec
    Start 8: krearrangecolumnsproxymodeltest
8/9 Test #8: krearrangecolumnsproxymodeltest ....***Exception: Other  0.01 sec
    Start 9: kselectionproxymodel_smoketest
9/9 Test #9: kselectionproxymodel_smoketest .....***Exception: Other  0.01 sec

11% tests passed, 8 tests failed out of 9

Total Test time (real) =   0.15 sec

The following tests FAILED:
          2 - kdescendantsproxymodel_smoketest (OTHER_FAULT)
          3 - kextracolumnsproxymodeltest (OTHER_FAULT)
          4 - klinkitemselectionmodeltest (OTHER_FAULT)
          5 - testmodelqueuedconnections (OTHER_FAULT)
          6 - kselectionproxymodeltest (OTHER_FAULT)
          7 - krecursivefilterproxymodeltest (OTHER_FAULT)
          8 - krearrangecolumnsproxymodeltest (OTHER_FAULT)
          9 - kselectionproxymodel_smoketest (OTHER_FAULT)
Errors while running CTest

Relevant excerpts from 'cat /var/tmp/portage/kde-frameworks/kitemmodels-5.18.0/work/kitemmodels-5.18.0_build/Testing/Temporary/LastTest.log':
2/9 Testing: kdescendantsproxymodel_smoketest
2/9 Test: kdescendantsproxymodel_smoketest
Command: "/var/tmp/portage/kde-frameworks/kitemmodels-5.18.0/work/kitemmodels-5.18.0_build/autotests/kdescendantsproxymodel_smoketest"
Directory: /var/tmp/portage/kde-frameworks/kitemmodels-5.18.0/work/kitemmodels-5.18.0_build/autotests
"kdescendantsproxymodel_smoketest" start time: Jan 13 12:26 CET
Output:
----------------------------------------------------------
QXcbConnection: Could not connect to display :1
<end of output>
Test time =   0.01 sec
----------------------------------------------------------
Test Failed.
"kdescendantsproxymodel_smoketest" end time: Jan 13 12:26 CET
"kdescendantsproxymodel_smoketest" time elapsed: 00:00:00
----------------------------------------------------------

3/9 Testing: kextracolumnsproxymodeltest
3/9 Test: kextracolumnsproxymodeltest
Command: "/var/tmp/portage/kde-frameworks/kitemmodels-5.18.0/work/kitemmodels-5.18.0_build/autotests/kextracolumnsproxymodeltest"
Directory: /var/tmp/portage/kde-frameworks/kitemmodels-5.18.0/work/kitemmodels-5.18.0_build/autotests
"kextracolumnsproxymodeltest" start time: Jan 13 12:26 CET
Output:
----------------------------------------------------------
QXcbConnection: Could not connect to display :1
<end of output>
Test time =   0.01 sec
----------------------------------------------------------
Test Failed.
"kextracolumnsproxymodeltest" end time: Jan 13 12:26 CET
"kextracolumnsproxymodeltest" time elapsed: 00:00:00
----------------------------------------------------------

4/9 Testing: klinkitemselectionmodeltest
4/9 Test: klinkitemselectionmodeltest
Command: "/var/tmp/portage/kde-frameworks/kitemmodels-5.18.0/work/kitemmodels-5.18.0_build/autotests/klinkitemselectionmodeltest"
Directory: /var/tmp/portage/kde-frameworks/kitemmodels-5.18.0/work/kitemmodels-5.18.0_build/autotests
"klinkitemselectionmodeltest" start time: Jan 13 12:26 CET
Output:
----------------------------------------------------------
QXcbConnection: Could not connect to display :1
<end of output>
Test time =   0.01 sec
----------------------------------------------------------
Test Failed.
"klinkitemselectionmodeltest" end time: Jan 13 12:26 CET
"klinkitemselectionmodeltest" time elapsed: 00:00:00
----------------------------------------------------------

5/9 Testing: testmodelqueuedconnections
5/9 Test: testmodelqueuedconnections
Command: "/var/tmp/portage/kde-frameworks/kitemmodels-5.18.0/work/kitemmodels-5.18.0_build/autotests/testmodelqueuedconnections"
Directory: /var/tmp/portage/kde-frameworks/kitemmodels-5.18.0/work/kitemmodels-5.18.0_build/autotests
"testmodelqueuedconnections" start time: Jan 13 12:26 CET
Output:
----------------------------------------------------------
QXcbConnection: Could not connect to display :1
<end of output>
Test time =   0.01 sec
----------------------------------------------------------
Test Failed.
"testmodelqueuedconnections" end time: Jan 13 12:26 CET
"testmodelqueuedconnections" time elapsed: 00:00:00
----------------------------------------------------------

6/9 Testing: kselectionproxymodeltest
6/9 Test: kselectionproxymodeltest
Command: "/var/tmp/portage/kde-frameworks/kitemmodels-5.18.0/work/kitemmodels-5.18.0_build/autotests/kselectionproxymodeltest"
Directory: /var/tmp/portage/kde-frameworks/kitemmodels-5.18.0/work/kitemmodels-5.18.0_build/autotests
"kselectionproxymodeltest" start time: Jan 13 12:26 CET
Output:
----------------------------------------------------------
QXcbConnection: Could not connect to display :1
<end of output>
Test time =   0.01 sec
----------------------------------------------------------
Test Failed.
"kselectionproxymodeltest" end time: Jan 13 12:26 CET
"kselectionproxymodeltest" time elapsed: 00:00:00
----------------------------------------------------------

7/9 Testing: krecursivefilterproxymodeltest
7/9 Test: krecursivefilterproxymodeltest
Command: "/var/tmp/portage/kde-frameworks/kitemmodels-5.18.0/work/kitemmodels-5.18.0_build/autotests/krecursivefilterproxymodeltest"
Directory: /var/tmp/portage/kde-frameworks/kitemmodels-5.18.0/work/kitemmodels-5.18.0_build/autotests
"krecursivefilterproxymodeltest" start time: Jan 13 12:26 CET
Output:
----------------------------------------------------------
QXcbConnection: Could not connect to display :1
<end of output>
Test time =   0.01 sec
----------------------------------------------------------
Test Failed.
"krecursivefilterproxymodeltest" end time: Jan 13 12:26 CET
"krecursivefilterproxymodeltest" time elapsed: 00:00:00
----------------------------------------------------------

8/9 Testing: krearrangecolumnsproxymodeltest
8/9 Test: krearrangecolumnsproxymodeltest
Command: "/var/tmp/portage/kde-frameworks/kitemmodels-5.18.0/work/kitemmodels-5.18.0_build/autotests/krearrangecolumnsproxymodeltest"
Directory: /var/tmp/portage/kde-frameworks/kitemmodels-5.18.0/work/kitemmodels-5.18.0_build/autotests
"krearrangecolumnsproxymodeltest" start time: Jan 13 12:26 CET
Output:
----------------------------------------------------------
QXcbConnection: Could not connect to display :1
<end of output>
Test time =   0.01 sec
----------------------------------------------------------
Test Failed.
"krearrangecolumnsproxymodeltest" end time: Jan 13 12:26 CET
"krearrangecolumnsproxymodeltest" time elapsed: 00:00:00
----------------------------------------------------------

9/9 Testing: kselectionproxymodel_smoketest
9/9 Test: kselectionproxymodel_smoketest
Command: "/var/tmp/portage/kde-frameworks/kitemmodels-5.18.0/work/kitemmodels-5.18.0_build/autotests/kselectionproxymodel_smoketest"
Directory: /var/tmp/portage/kde-frameworks/kitemmodels-5.18.0/work/kitemmodels-5.18.0_build/autotests
"kselectionproxymodel_smoketest" start time: Jan 13 12:26 CET
Output:
----------------------------------------------------------
QXcbConnection: Could not connect to display :1
<end of output>
Test time =   0.01 sec
----------------------------------------------------------
Test Failed.
"kselectionproxymodel_smoketest" end time: Jan 13 12:26 CET
"kselectionproxymodel_smoketest" time elapsed: 00:00:00
----------------------------------------------------------

End testing: Jan 13 12:26 CET

# emerge --info =kde-frameworks/kitemmodels-5.18.0
Portage 2.2.26 (python 2.7.10-final-0, default/linux/amd64/13.0/desktop, gcc-4.9.3, glibc-2.21-r1, 4.1.12-gentoo x86_64)
=================================================================
                         System Settings
=================================================================
System uname: Linux-4.1.12-gentoo-x86_64-AMD_Phenom-tm-_II_X4_965_Processor-with-gentoo-2.2
KiB Mem:    12275436 total,   8825852 free
KiB Swap:    8380412 total,   8380412 free
Timestamp of repository gentoo: Wed, 13 Jan 2016 08:45:01 +0000
sh dash 0.5.8.2
ld GNU gold (Gentoo 2.25.1 p1.1 2.25.1) 1.11
distcc 3.2rc1 x86_64-pc-linux-gnu [enabled]
ccache version 3.1.9 [disabled]
app-shells/bash:          4.3_p42-r1::gentoo
dev-java/java-config:     2.2.0::gentoo
dev-lang/perl:            5.22.1::gentoo
dev-lang/python:          2.7.10-r1::gentoo, 3.4.3-r1::gentoo
dev-util/ccache:          3.1.9-r4::gentoo
dev-util/cmake:           3.3.1-r1::gentoo
dev-util/pkgconfig:       0.28-r2::gentoo
sys-apps/baselayout:      2.2::gentoo
sys-apps/sandbox:         2.6-r1::gentoo
sys-devel/autoconf:       2.13::gentoo, 2.69::gentoo
sys-devel/automake:       1.11.6-r1::gentoo, 1.14.1::gentoo, 1.15::gentoo
sys-devel/binutils:       2.25.1-r1::gentoo
sys-devel/gcc:            4.9.3::gentoo
sys-devel/gcc-config:     1.8-r1::gentoo
sys-devel/libtool:        2.4.6-r1::gentoo
sys-devel/make:           4.1-r1::gentoo
sys-kernel/linux-headers: 3.18::gentoo (virtual/os-headers)
sys-libs/glibc:           2.21-r1::gentoo
Repositories:

gentoo
    location: /usr/portage
    sync-type: rsync
    sync-uri: rsync://rsync.europe.gentoo.org/gentoo-portage
    priority: -1000

kde
    location: /var/lib/layman/kde
    sync-type: git
    sync-uri: git://anongit.gentoo.org/proj/kde.git
    masters: gentoo kde
    priority: 0

x-portage
    location: /usr/local/portage
    masters: gentoo
    priority: 1

ACCEPT_KEYWORDS="amd64"
ACCEPT_LICENSE="* -@EULA"
CBUILD="x86_64-pc-linux-gnu"
CFLAGS="-O2 -pipe -march=amdfam10 -msahf -mlzcnt -mpopcnt --param l1-cache-size=64 --param l1-cache-line-size=64 --param l2-cache-size=512 -flto=5 -fuse-linker-plugin -floop-interchange -floop-strip-mine -floop-block -fgraphite-identity"
CHOST="x86_64-pc-linux-gnu"
CONFIG_PROTECT="/etc /usr/lib64/libreoffice/program/sofficerc /usr/share/config /usr/share/gnupg/qualified.txt /var/lib/hsqldb"
CONFIG_PROTECT_MASK="/etc/ca-certificates.conf /etc/dconf /etc/env.d /etc/fonts/fonts.conf /etc/gconf /etc/gentoo-release /etc/revdep-rebuild /etc/sandbox.d /etc/terminfo"
CXXFLAGS="-O2 -pipe -march=amdfam10 -msahf -mlzcnt -mpopcnt --param l1-cache-size=64 --param l1-cache-line-size=64 --param l2-cache-size=512 -flto=5 -fuse-linker-plugin -floop-interchange -floop-strip-mine -floop-block -fgraphite-identity"
DISTDIR="/usr/portage/distfiles"
EMERGE_DEFAULT_OPTS="--keep-going y --with-bdeps y"
FCFLAGS="-O2 -pipe"
FEATURES="assume-digests binpkg-logs cgroup compress-build-logs config-protect-if-modified distcc distlocks ebuild-locks ipc-sandbox merge-sync news parallel-fetch protect-owned sandbox sfperms split-elog split-log strict test unknown-features-warn unmerge-logs unmerge-orphans userfetch userpriv usersandbox usersync xattr"
FFLAGS="-O2 -pipe"
GENTOO_MIRRORS="http://ftp-stud.hs-esslingen.de/pub/Mirrors/gentoo/ ftp://mirror.switch.ch/mirror/gentoo/ http://gentoo.mirror.dkm.cz/pub/gentoo/ http://ftp.halifax.rwth-aachen.de/gentoo/ http://ftp.uni-erlangen.de/pub/mirrors/gentoo"
LANG="it_IT.UTF-8"
LDFLAGS="-Wl,-O1 -Wl,--as-needed -Wl,--hash-style=gnu -Wl,--sort-common -flto=5 -fuse-linker-plugin -floop-interchange -floop-strip-mine -floop-block -fgraphite-identity"
MAKEOPTS="-j12 -l4"
PKGDIR="/usr/portage/packages"
PORTAGE_CONFIGROOT="/"
PORTAGE_RSYNC_OPTS="--recursive --links --safe-links --perms --times --omit-dir-times --compress --force --whole-file --delete --stats --human-readable --timeout=180 --exclude=/distfiles --exclude=/local --exclude=/packages"
PORTAGE_TMPDIR="/var/tmp"
USE="3dnow X a52 aac aalib acl acpi alsa amd64 ao audiofile bash-completion bluetooth branding bzip2 cairo caps cdda cddb cdparanoia cdr cli consolekit cracklib crypt css cups curl cxx dbus dga djvu dri dts dvd dvdr emboss encode exif expat fbcon ffmpeg fftw flac fontconfig fortran ftp gd gdbm gif glamor gmp gnutls gpm graphviz gtk iconv icu idn ieee1394 imagemagick imlib inotify introspection ipv6 java javascript jbig jpeg jpeg2k kde lame lcms libass libcaca libnotify libsamplerate lm_sensors lua lzma lzo mad mmap mmx mmxext mng modules mp3 mp4 mpeg mplayer multilib musicbrainz ncurses nls nptl nsplugin offensive ogg openal openexr opengl openmp pam pango pcre pdf png policykit postscript ppds pulseaudio qt3support qt4 rdesktop readline sctp sdl seccomp session sndfile speex spell sqlite sse sse2 ssl startup-notification svg symlink syslog systemd taglib theora threads tiff truetype udev udisks unicode upower usb vaapi vcd vdpau vim-syntax vorbis wavpack wayland win32codecs wmf wxwidgets x264 xattr xcb xcomposite xine xinerama xml xpm xscreensaver xv xvid zlib" ABI_X86="64" ALSA_CARDS="hda-intel virmidi" APACHE2_MODULES="authn_core authz_core socache_shmcb unixd actions alias auth_basic authn_alias authn_anon authn_dbm authn_default authn_file authz_dbm authz_default authz_groupfile authz_host authz_owner authz_user autoindex cache cgi cgid dav dav_fs dav_lock deflate dir disk_cache env expires ext_filter file_cache filter headers include info log_config logio mem_cache mime mime_magic negotiation rewrite setenvif speling status unique_id userdir usertrack vhost_alias" CALLIGRA_FEATURES="kexi words flow plan sheets stage tables krita karbon braindump author" CAMERAS="kodak ptp2" COLLECTD_PLUGINS="df interface irq load memory rrdtool swap syslog" CPU_FLAGS_X86="3dnow 3dnowext mmx mmxext popcnt sse sse2 sse3 sse4a" CURL_SSL="gnutls" ELIBC="glibc" GPSD_PROTOCOLS="ashtech aivdm earthmate evermore fv18 garmin garmintxt gpsclock itrax mtk3301 nmea ntrip navcom oceanserver oldstyle oncore rtcm104v2 rtcm104v3 sirf superstar2 timing tsip tripmate tnt ublox ubx" GRUB_PLATFORMS="pc" INPUT_DEVICES="evdev" KERNEL="linux" LCD_DEVICES="bayrad cfontz cfontz633 glk hd44780 lb216 lcdm001 mtxorb ncurses text" LIBREOFFICE_EXTENSIONS="nlpsolver" LINGUAS="it it_IT" OFFICE_IMPLEMENTATION="libreoffice" PHP_TARGETS="php5-5" PYTHON_SINGLE_TARGET="python2_7" PYTHON_TARGETS="python2_7 python3_4 pypy pypy3" RUBY_TARGETS="ruby21" USERLAND="GNU" VIDEO_CARDS="radeon r600" XTABLES_ADDONS="quota2 psd pknock lscan length2 ipv4options ipset ipp2p iface geoip fuzzy condition tee tarpit sysrq steal rawnat logmark ipmark dhcpmac delude chaos account"
Unset:  CC, CPPFLAGS, CTARGET, CXX, INSTALL_MASK, LC_ALL, PORTAGE_BUNZIP2_COMMAND, PORTAGE_COMPRESS, PORTAGE_COMPRESS_FLAGS, PORTAGE_RSYNC_EXTRA_OPTS, USE_PYTHON

# emerge -1pqv =kde-frameworks/kitemmodels-5.18.0
[ebuild     U ] kde-frameworks/kitemmodels-5.18.0 [5.17.0] USE="{test} -debug -doc"




Comment 1


Johannes Huber (RETIRED)






          2016-03-27 21:16:17 UTC
        

Note this was not reproducable while stable testing by Ago in bug #558460




Comment 2


Johannes Huber (RETIRED)






          2016-04-16 16:42:15 UTC
        

* Scanning for an open DISPLAY to start Xvfb ...
 * Starting Xvfb on $DISPLAY=1 ...
>>> Working in BUILD_DIR: "/var/tmp/portage/kde-frameworks/kitemmodels-5.21.0/work/kitemmodels-5.21.0_build"
Test project /var/tmp/portage/kde-frameworks/kitemmodels-5.21.0/work/kitemmodels-5.21.0_build
      Start  1: kconcatenaterowsproxymodeltest
 1/10 Test  #1: kconcatenaterowsproxymodeltest .....   Passed    0.08 sec
      Start  2: kdescendantsproxymodel_smoketest
 2/10 Test  #2: kdescendantsproxymodel_smoketest ...   Passed    2.01 sec
      Start  3: kextracolumnsproxymodeltest
 3/10 Test  #3: kextracolumnsproxymodeltest ........   Passed    0.07 sec
      Start  4: klinkitemselectionmodeltest
 4/10 Test  #4: klinkitemselectionmodeltest ........   Passed    0.07 sec
      Start  5: testmodelqueuedconnections
 5/10 Test  #5: testmodelqueuedconnections .........   Passed    0.08 sec
      Start  6: kselectionproxymodeltest
 6/10 Test  #6: kselectionproxymodeltest ...........   Passed    0.62 sec
      Start  7: kmodelindexproxymappertest
 7/10 Test  #7: kmodelindexproxymappertest .........   Passed    0.08 sec
      Start  8: krecursivefilterproxymodeltest
 8/10 Test  #8: krecursivefilterproxymodeltest .....   Passed    0.08 sec
      Start  9: krearrangecolumnsproxymodeltest
 9/10 Test  #9: krearrangecolumnsproxymodeltest ....   Passed    0.07 sec
      Start 10: kselectionproxymodel_smoketest
10/10 Test #10: kselectionproxymodel_smoketest .....   Passed    3.37 sec

100% tests passed, 0 tests failed out of 10

Total Test time (real) =   6.54 sec









Format For Printing
 - XML
 - Clone This Bug
 - Clone In The Same 
                        Product
 - Top of page 







Home
| New–[Ex]
| Browse
| Search
| Privacy Policy

| 





[?]
| Reports

| 
Requests

| 
Help


| 
New Account


| 
Log In





[x]



| 
Forgot Password

Login:




[x]

