Title: 341245 – dev-perl/XML-Stream-1.22 fails test
URL: https://bugs.gentoo.org/show_bug.cgi?id=341245

Go to: 
		Gentoo Home
Documentation
Forums
Lists
Bugs
Planet
Store
Wiki
Get Gentoo!





Gentoo's Bugzilla – Bug 341245
dev-perl/XML-Stream-1.22 fails test
Last modified: 2010-11-02 08:13:16 UTC node [vulture]


Home
| New–[Ex]
| Browse
| Search
| Privacy Policy

| 





[?]
| Reports

| 
Requests

| 
Help


| 
New Account


| 
Log In





[x]



| 
Forgot Password

Login:




[x]













Bug 341245 
      - dev-perl/XML-Stream-1.22 fails test


Summary:
dev-perl/XML-Stream-1.22 fails test
    








Status:
    

RESOLVED
          WORKSFORME
      






Alias:


        None
    





Product:

Gentoo Linux




Classification:

Unclassified




Component:

New packages

  (show other bugs)



Hardware:

All
        Linux
      







Importance:
      
High
       normal
      


Assignee:

Gentoo Perl team








URL:







Whiteboard:




Keywords:









Duplicates (2):
    

341243 341249

      (view as bug list)
    


Depends on:







Blocks:









 





      Reported:
    
2010-10-16 09:53 UTC by Christian Faulhammer (RETIRED)





      Modified:
    
2010-11-02 08:13 UTC
      (History)
    




          CC List:
        

0 
          users
        








See Also:






Package list:







Runtime testing required:

---























      Attachments
    




build.log

              (20101015-201502.log,5.71 KB,
                text/plain)

            
2010-10-16 09:54 UTC,

            Christian Faulhammer (RETIRED)




Details





View All

Add an attachment
        (proposed patch, testcase, etc.)
    








Note
              You need to
              log in
              before you can comment on or make changes to this bug.
            

















Description


Christian Faulhammer (RETIRED)






          2010-10-16 09:53:39 UTC
        

Portage 2.1.8.3 (default/linux/x86/10.0/desktop, gcc-4.4.3, glibc-2.11.2-r0, 2.6.35-gentoo-r4 i686)
=================================================================
System uname: Linux-2.6.35-gentoo-r4-i686-AMD_Athlon-tm-_X2_Dual_Core_Processor_BE-2400-with-gentoo-1.12.13
Timestamp of tree: Sat, 16 Oct 2010 07:30:20 +0000
distcc 3.1 i686-pc-linux-gnu [disabled]
ccache version 2.4 [enabled]
app-shells/bash:     4.1_p7
dev-java/java-config: 2.1.11
dev-lang/python:     2.6.5-r3, 3.1.2-r4
dev-util/ccache:     2.4-r7
dev-util/cmake:      2.8.1-r2
sys-apps/baselayout: 1.12.13
sys-apps/sandbox:    2.3-r1
sys-devel/autoconf:  2.13, 2.65-r1
sys-devel/automake:  1.4_p6-r1, 1.5-r1, 1.6.3-r1, 1.7.9-r2, 1.8.5-r4, 1.9.6-r3, 1.10.3, 1.11.1
sys-devel/binutils:  2.20.1-r1
sys-devel/gcc:       4.3.4, 4.4.3-r2
sys-devel/gcc-config: 1.4.1
sys-devel/libtool:   2.2.10
sys-devel/make:      3.81-r2
virtual/os-headers:  2.6.30-r1
ACCEPT_KEYWORDS="x86"
ACCEPT_LICENSE="*"
CBUILD="i686-pc-linux-gnu"
CFLAGS="-O2 -march=athlon-xp -pipe -msse3"
CHOST="i686-pc-linux-gnu"
CONFIG_PROTECT="/etc /opt/openfire/resources/security/ /opt/openjms/config /usr/share/X11/xkb /usr/share/config /var/bind /var/lib/hsqldb /var/spool/torque"
CONFIG_PROTECT_MASK="/etc/ca-certificates.conf /etc/env.d /etc/env.d/java/ /etc/eselect/postgresql /etc/fonts/fonts.conf /etc/games/angband/edit/ /etc/gconf /etc/php/apache2-php5/ext-active/ /etc/php/cgi-php5/ext-active/ /etc/php/cli-php5/ext-active/ /etc/revdep-rebuild /etc/sandbox.d /etc/splash /etc/terminfo /etc/texmf/language.dat.d /etc/texmf/language.def.d /etc/texmf/updmap.d /etc/texmf/web2c"
CXXFLAGS="-O2 -march=athlon-xp -pipe -msse3"
DISTDIR="/usr/portage/distfiles"
FEATURES="assume-digests ccache distlocks fixpackages metadata-transfer news parallel-fetch protect-owned sandbox sfperms strict unmerge-logs unmerge-orphans userfetch"
GENTOO_MIRRORS="http://distfiles.gentoo.org"
LANG="de_DE.utf8"
LC_ALL="de_DE.utf8"
LDFLAGS="-Wl,-O1 -Wl,--as-needed -Wl,--hash-style=gnu"
LINGUAS="de"
MAKEOPTS="-j3"
PKGDIR="/usr/portage/packages"
PORTAGE_CONFIGROOT="/"
PORTAGE_RSYNC_OPTS="--recursive --links --safe-links --perms --times --compress --force --whole-file --delete --stats --timeout=180 --exclude=/distfiles --exclude=/local --exclude=/packages"
PORTAGE_TMPDIR="/var/tmp"
PORTDIR="/usr/portage"
PORTDIR_OVERLAY="/usr/local/portage"
SYNC="rsync://rsync.gentoo.org/gentoo-portage"
USE="3dnow 3dnowext X a52 aac aiglx alsa applet artworkextra asf astribank audiofile bash-completion berkdb bidi bluetooth bogofilter bootsplash branding bzip2 cairo ccache cdda cddb cdparanoia cdr cli compat console consolekit cracklib crypt css cups curl custom-cflags cxx dbus deskbar dga directfb divx4linux dri dts dvd dvdr dvdread dvi emacs emboss encode evince exif extensions fam fat fbcon fbcondecor fdftk ffmpeg foomaticdb fortran ftp gb gcj gdbm gif glitz gphoto2 gpm gsf gtk gtk2 gtkhtml hal howl iconv icq idn imagemagick imlib ipv6 java javascript jpeg jpeg2k kde kpathsea libnotify libotf lirc lm_sensors mad matroska melt mikmod mime mjpeg mmx mmxext mng modules mp3 mp4 mpeg mpeg2 mudflap mule mysql nautilus ncurses nforce2 nls noaudio nocardbus novideo nowebdav nptl nptlonly nss nvidia objc objc++ objc-gc ocamlopt offensive ogg opengl openmp pam pango passwordsave pcre pdf perl plotutils pmu png policykit ppds pppd prediction preview-latex print publishers python qt-static qt3support qt4 readline reflection run-as-root samba sdk sdl secure-delete semantic-desktop session slang smp spell sse ssl startup-notification static-analyzer svg svga sysfs t1lib tcpd theora threads thumbnailing tiff tk toolkit-scroll-bars totem truetype truetype-fonts type1-fonts udev unicode usb userlocales vcd videos vorbis win32codecs wmf wxwindows x264 x86 xcb xface xft xml xorg xosd xpm xulrunner xv xvid zlib" ALSA_CARDS="intel8x0" ALSA_PCM_PLUGINS="adpcm alaw asym copy dmix dshare dsnoop empty extplug file hooks iec958 ioplug ladspa lfloat linear meter mmap_emul mulaw multi null plug rate route share shm softvol" APACHE2_MODULES="actions alias auth_basic authn_alias authn_anon authn_dbm authn_default authn_file authz_dbm authz_default authz_groupfile authz_host authz_owner authz_user autoindex cache cgi cgid dav dav_fs dav_lock deflate dir disk_cache env expires ext_filter file_cache filter headers include info log_config logio mem_cache mime mime_magic negotiation rewrite setenvif speling status unique_id userdir usertrack vhost_alias" CAMERAS="ptp2" COLLECTD_PLUGINS="df interface irq load memory rrdtool swap syslog" ELIBC="glibc" GPSD_PROTOCOLS="ashtech aivdm earthmate evermore fv18 garmin garmintxt gpsclock itrax mtk3301 nmea ntrip navcom oceanserver oldstyle oncore rtcm104v2 rtcm104v3 sirf superstar2 timing tsip tripmate tnt ubx" INPUT_DEVICES="mouse keyboard evdev" KERNEL="linux" LCD_DEVICES="bayrad cfontz cfontz633 glk hd44780 lb216 lcdm001 mtxorb ncurses text" LINGUAS="de" LIRC_DEVICES="atiusb" PHP_TARGETS="php-5.2" RUBY_TARGETS="jruby ruby18" USERLAND="GNU" VIDEO_CARDS="radeon" XTABLES_ADDONS="quota2 psd pknock lscan length2 ipv4options ipset ipp2p iface geoip fuzzy condition tee tarpit sysrq steal rawnat logmark ipmark dhcpmac delude chaos account" 
Unset:  CPPFLAGS, CTARGET, EMERGE_DEFAULT_OPTS, FFLAGS, INSTALL_MASK, PORTAGE_COMPRESS, PORTAGE_COMPRESS_FLAGS, PORTAGE_RSYNC_EXTRA_OPTS




Comment 1


Christian Faulhammer (RETIRED)






          2010-10-16 09:54:52 UTC
        

Created attachment 250839 [details]
build.log




Comment 2


David Abbott (RETIRED)






          2010-10-16 14:59:55 UTC
        

On x86 with 5.12.2 I get;

All tests successful.
Files=8, Tests=190,  3 wallclock secs ( 0.05 usr  0.01 sys +  0.99 cusr  0.09 csys =  1.14 CPU)
Result: PASS

>>> Install XML-Stream-1.22 into /var/tmp/portage/dev-perl/XML-Stream-1.22/image/ category dev-perl





Comment 3


Torsten Veller (RETIRED)






          2010-10-17 05:43:07 UTC
        

t/buildxml.t .... 1/56 Cannot resolve sol:  at lib/XML/Stream.pm line 406.

You don't have sol in /etc/hosts.


This and the other "cannot resolve sol" bugs are a dup of 277922




Comment 4


Torsten Veller (RETIRED)






          2010-10-17 08:00:25 UTC
        

*** Bug 341243 has been marked as a duplicate of this bug. ***




Comment 5


Torsten Veller (RETIRED)






          2010-10-17 08:01:08 UTC
        

*** Bug 341249 has been marked as a duplicate of this bug. ***




Comment 6


Torsten Veller (RETIRED)






          2010-10-17 08:02:49 UTC
        

Remove perl-5.12 blocker. It fails with perl-5.8.8 too.









Format For Printing
 - XML
 - Clone This Bug
 - Clone In The Same 
                        Product
 - Top of page 







Home
| New–[Ex]
| Browse
| Search
| Privacy Policy

| 





[?]
| Reports

| 
Requests

| 
Help


| 
New Account


| 
Log In





[x]



| 
Forgot Password

Login:




[x]

