Title: 624252 – dev-perl/Server-Starter-0.330.0 : tests run indefinitely with FEATURES=test
URL: https://bugs.gentoo.org/show_bug.cgi?id=624252

Go to: 
		Gentoo Home
Documentation
Forums
Lists
Bugs
Planet
Store
Wiki
Get Gentoo!





Gentoo's Bugzilla – Bug 624252
dev-perl/Server-Starter-0.330.0 : tests run indefinitely with FEATURES=test
Last modified: 2019-10-25 13:00:54 UTC node [vulture]


Home
| New–[Ex]
| Browse
| Search
| Privacy Policy

| 





[?]
| Reports

| 
Requests

| 
Help


| 
New Account


| 
Log In





[x]



| 
Forgot Password

Login:




[x]













Bug 624252 
      - dev-perl/Server-Starter-0.330.0 : tests run indefinitely with FEATURES=test


Summary:
dev-perl/Server-Starter-0.330.0 : tests run indefinitely with FEATURES=test
    








Status:
    

RESOLVED
          WORKSFORME
      






Alias:


        None
    





Product:

Gentoo Linux




Classification:

Unclassified




Component:

Current packages

  (show other bugs)



Hardware:

All
        Linux
      







Importance:
      
Normal
       normal
      


Assignee:

Gentoo Perl team








URL:







Whiteboard:




Keywords:

TESTFAILURE







Depends on:







Blocks:




perl-testfailure



 

        Show dependency tree





 





      Reported:
    
2017-07-08 13:16 UTC by Toralf Förster





      Modified:
    
2019-10-25 13:00 UTC
      (History)
    




          CC List:
        

1 
          user
          
            (show)
          



kentnl









See Also:






Package list:







Runtime testing required:

---























      Attachments
    




emerge-info.txt

              (emerge-info.txt,14.64 KB,
                text/plain)

            
2017-07-08 13:16 UTC,

            Toralf Förster




Details





dev-perl:Server-Starter-0.330.0:20170708-124343.log

              (dev-perl:Server-Starter-0.330.0:20170708-124343.log,6.33 KB,
                text/plain)

            
2017-07-08 13:16 UTC,

            Toralf Förster




Details





emerge-history.txt

              (emerge-history.txt,57.69 KB,
                text/plain)

            
2017-07-08 13:16 UTC,

            Toralf Förster




Details





environment

              (environment,36.18 KB,
                text/plain)

            
2017-07-08 13:16 UTC,

            Toralf Förster




Details





etc.portage.tbz2

              (etc.portage.tbz2,22.14 KB,
                application/x-bzip)

            
2017-07-08 13:16 UTC,

            Toralf Förster




Details





temp.tbz2

              (temp.tbz2,12.88 KB,
                application/x-bzip)

            
2017-07-08 13:16 UTC,

            Toralf Förster




Details





View All

Add an attachment
        (proposed patch, testcase, etc.)
    








Note
              You need to
              log in
              before you can comment on or make changes to this bug.
            

















Description


Toralf Förster






          2017-07-08 13:16:10 UTC
        

t/05-killolddelay.t .... 21/28 received TERM, sending TERM to all workers:20110
/var/tmp/portage/dev-perl/Server-Starter-0.330.0/temp/environment: line 610: 32543 Killed                  ./Build test verbose=${my_test_verbose}
 * ERROR: dev-perl/Server-Starter-0.330.0::gentoo failed (test phase):
 *   test failed
 * 
 * Call stack:

  -------------------------------------------------------------------

  This is an unstable amd64 chroot image at a tinderbox (==build bot)
  name: 13.0-desktop_libressl-abi32+64_20170706-192148

  -------------------------------------------------------------------

gcc-config -l:
 [1] x86_64-pc-linux-gnu-6.3.0 *

Available Python interpreters, in order of preference:
  [1]   python3.4
  [2]   python3.6 (fallback)
  [3]   python2.7 (fallback)

java-config:
The following VMs are available for generation-2:
*)	IcedTea JDK 3.4.0 [icedtea-bin-8]
Available Java Virtual Machines:
  [1]   icedtea-bin-8  system-vm




Comment 1


Toralf Förster






          2017-07-08 13:16:13 UTC
        

Created attachment 482024 [details]
emerge-info.txt




Comment 2


Toralf Förster






          2017-07-08 13:16:17 UTC
        

Created attachment 482026 [details]
dev-perl:Server-Starter-0.330.0:20170708-124343.log




Comment 3


Toralf Förster






          2017-07-08 13:16:20 UTC
        

Created attachment 482028 [details]
emerge-history.txt




Comment 4


Toralf Förster






          2017-07-08 13:16:23 UTC
        

Created attachment 482030 [details]
environment




Comment 5


Toralf Förster






          2017-07-08 13:16:26 UTC
        

Created attachment 482032 [details]
etc.portage.tbz2




Comment 6


Toralf Förster






          2017-07-08 13:16:29 UTC
        

Created attachment 482034 [details]
temp.tbz2




Comment 7


Toralf Förster






          2017-07-08 13:16:53 UTC
        

it seems to hang - I killed emerge after a while




Comment 8


Andreas K. Hüttel







          2019-10-25 13:00:54 UTC
        

All tests successful.
Files=14, Tests=122, 30 wallclock secs ( 0.12 usr  0.03 sys +  3.69 cusr  0.92 csys =  4.76 CPU)
Result: PASS

Works fine here...









Format For Printing
 - XML
 - Clone This Bug
 - Clone In The Same 
                        Product
 - Top of page 







Home
| New–[Ex]
| Browse
| Search
| Privacy Policy

| 





[?]
| Reports

| 
Requests

| 
Help


| 
New Account


| 
Log In





[x]



| 
Forgot Password

Login:




[x]

