Title: 278236 – dev-perl/Net-Jabber fails tests
URL: https://bugs.gentoo.org/show_bug.cgi?id=278236

Go to: 
		Gentoo Home
Documentation
Forums
Lists
Bugs
Planet
Store
Wiki
Get Gentoo!





Gentoo's Bugzilla – Bug 278236
dev-perl/Net-Jabber fails tests
Last modified: 2010-04-20 13:17:47 UTC node [vulture]


Home
| New–[Ex]
| Browse
| Search
| Privacy Policy

| 





[?]
| Reports

| 
Requests

| 
Help


| 
New Account


| 
Log In





[x]



| 
Forgot Password

Login:




[x]













Bug 278236 
      - dev-perl/Net-Jabber fails tests


Summary:
dev-perl/Net-Jabber fails tests
    








Status:
    

RESOLVED
          WORKSFORME
      






Alias:


        None
    





Product:

Gentoo Linux




Classification:

Unclassified




Component:

New packages

  (show other bugs)



Hardware:

All
        Linux
      







Importance:
      
High
       normal
      


Assignee:

Gentoo Perl team








URL:







Whiteboard:




Keywords:








Depends on:







Blocks:




perl-testfailure



 

        Show dependency tree





 





      Reported:
    
2009-07-18 08:12 UTC by Diego Elio Pettenò (RETIRED)





      Modified:
    
2010-04-20 13:17 UTC
      (History)
    




          CC List:
        

0 
          users
        








See Also:






Package list:







Runtime testing required:

---























      Attachments
    




Build log

              (Net-Jabber-2.0:20090717-202159.log,13.91 KB,
                text/plain)

            
2009-07-18 08:13 UTC,

            Diego Elio Pettenò (RETIRED)




Details





View All

Add an attachment
        (proposed patch, testcase, etc.)
    








Note
              You need to
              log in
              before you can comment on or make changes to this bug.
            

















Description


Diego Elio Pettenò (RETIRED)






          2009-07-18 08:12:45 UTC
        

Portage 2.1.6.13 (!../var/cache/portage/tree/profiles/default/linux/x86/2008.0, gcc-4.4.0-asneeded, glibc-2.10.1-r0, 2.6.30-gentoo-r2 i686)
=================================================================
System uname: Linux-2.6.30-gentoo-r2-i686-Quad-Core_AMD_Opteron-tm-_Processor_2350-with-gentoo-2.0.1
Timestamp of tree: Fri, 17 Jul 2009 19:00:01 +0000
ccache version 2.4 [enabled]
app-shells/bash:     4.0_p24
dev-java/java-config: 1.3.7-r1, 2.1.8-r1
dev-lang/python:     2.6.2-r1
dev-python/pycrypto: 2.0.1-r8
dev-util/ccache:     2.4-r8
dev-util/cmake:      2.6.4
sys-apps/baselayout: 2.0.1
sys-apps/openrc:     0.4.3-r3
sys-apps/sandbox:    2.0
sys-devel/autoconf:  2.13, 2.63-r1
sys-devel/automake:  1.4_p6, 1.5, 1.6.3, 1.7.9-r1, 1.8.5-r3, 1.9.6-r2, 1.10.2, 1.11
sys-devel/binutils:  2.19.1-r1
sys-devel/gcc-config: 1.4.1
sys-devel/libtool:   2.2.6a
virtual/os-headers:  2.6.30
ACCEPT_KEYWORDS="x86 ~x86"
CBUILD="i686-pc-linux-gnu"
CFLAGS="-O2 -pipe"
CHOST="i686-pc-linux-gnu"
CONFIG_PROTECT="/etc /opt/glftpd/etc /opt/glftpd/ftp-data /opt/openfire/resources/security/ /opt/openjms/config /usr/kde/3.5/env /usr/kde/3.5/share/config /usr/kde/3.5/shutdown /usr/lib/ccs/conf /usr/share/bufrtables /usr/share/config /var/bind /var/lib/hsqldb /var/phxd /var/qmail/alias /var/qmail/control /var/spool/torque /var/vpopmail/etc"
CONFIG_PROTECT_MASK="/etc/ca-certificates.conf /etc/env.d /etc/env.d/java/ /etc/eselect/postgresql /etc/fonts/fonts.conf /etc/gconf /etc/gentoo-release /etc/php/apache2-php5/ext-active/ /etc/php/cgi-php5/ext-active/ /etc/php/cli-php5/ext-active/ /etc/revdep-rebuild /etc/sandbox.d /etc/splash /etc/terminfo /etc/texmf/language.dat.d /etc/texmf/language.def.d /etc/texmf/updmap.d /etc/texmf/web2c /etc/udev/rules.d"
CXXFLAGS="-O2 -pipe"
DISTDIR="/var/cache/distfiles"
FEATURES="ccache distlocks fixpackages parallel-fetch protect-owned sandbox sfperms strict test test-fail-continue unmerge-orphans userfetch"
GENTOO_MIRRORS="http://linux.rz.ruhr-uni-bochum.de/download/gentoo-mirror/ http://ftp.uni-erlangen.de/pub/mirrors/gentoo"
INSTALL_MASK="  /usr/share/doc  /usr/share/man  /usr/share/info"
LDFLAGS="-Wl,-O1"
MAKEOPTS="-j14"
PKGDIR="/var/spool/portage/packages"
PORTAGE_COMPRESS=""
PORTAGE_CONFIGROOT="/"
PORTAGE_RSYNC_OPTS="--recursive --links --safe-links --perms --times --compress --force --whole-file --delete --stats --timeout=180 --exclude=/distfiles --exclude=/local --exclude=/packages"
PORTAGE_TMPDIR="/var/tmp"
PORTDIR="/var/cache/portage/tree-tinderbox"
SYNC="rsync://rsync.gentoo.org/gentoo-portage"
USE="acl berkdb bzip2 cli cracklib crypt cups dri fortran gdbm gpm iconv ipv6 isdnlog java5 java6 midi mudflap ncurses nls nostatic nptl nptlonly openmp pam pcre perl pppd python qt3support readline reflection ruby session spl ssl sysfs tcpd unicode x86 xorg zlib" ALSA_CARDS="ali5451 als4000 atiixp atiixp-modem bt87x ca0106 cmipci emu10k1 emu10k1x ens1370 ens1371 es1938 es1968 fm801 hda-intel intel8x0 intel8x0m maestro3 trident usb-audio via82xx via82xx-modem ymfpci" ALSA_PCM_PLUGINS="adpcm alaw asym copy dmix dshare dsnoop empty extplug file hooks iec958 ioplug ladspa lfloat linear meter mmap_emul mulaw multi null plug rate route share shm softvol" APACHE2_MODULES="actions alias auth_basic authn_alias authn_anon authn_dbm authn_default authn_file authz_dbm authz_default authz_groupfile authz_host authz_owner authz_user autoindex cache dav dav_fs dav_lock deflate dir disk_cache env expires ext_filter file_cache filter headers include info log_config logio mem_cache mime mime_magic negotiation rewrite setenvif speling status unique_id userdir usertrack vhost_alias" ELIBC="glibc" KERNEL="linux" LCD_DEVICES="bayrad cfontz cfontz633 glk hd44780 lb216 lcdm001 mtxorb ncurses text" USERLAND="GNU"
Unset:  CPPFLAGS, CTARGET, EMERGE_DEFAULT_OPTS, FFLAGS, LANG, LC_ALL, LINGUAS, PORTAGE_COMPRESS_FLAGS, PORTAGE_RSYNC_EXTRA_OPTS, PORTDIR_OVERLAY




Comment 1


Diego Elio Pettenò (RETIRED)






          2009-07-18 08:13:58 UTC
        

Created attachment 198380 [details]
Build log




Comment 2


David Abbott (RETIRED)






          2010-04-20 13:13:07 UTC
        

passed all tests here;
All tests successful.
Files=49, Tests=3376, 12 wallclock secs ( 0.57 usr  0.11 sys +  9.74 cusr  1.01 csys = 11.43 CPU)
Result: PASS

May have something to do with the way the tinderbox is set-up;

Cannot resolve yamato:  at /usr/lib/perl5/vendor_perl/5.8.8/XML/Stream.pm line 406.






Comment 3


Diego Elio Pettenò (RETIRED)






          2010-04-20 13:17:47 UTC
        

Ah might really be the case… that's probably from before it used containers to work…










Format For Printing
 - XML
 - Clone This Bug
 - Clone In The Same 
                        Product
 - Top of page 







Home
| New–[Ex]
| Browse
| Search
| Privacy Policy

| 





[?]
| Reports

| 
Requests

| 
Help


| 
New Account


| 
Log In





[x]



| 
Forgot Password

Login:




[x]

